# JRE version: OpenJDK Runtime Environment (8.0_152-b02) (build 1.8.0_152-release-1024-b02)
# Java VM: OpenJDK 64-Bit Server VM (25.152-b02 mixed mode windows-amd64 compressed oops)
Heap:
 PSYoungGen      total 291840K, used 255243K [0x00000000e0000000, 0x00000000f6500000, 0x0000000100000000)
  eden space 278016K, 86% used [0x00000000e0000000,0x00000000eec07980,0x00000000f0f80000)
  from space 13824K, 98% used [0x00000000f5780000,0x00000000f64bb3f8,0x00000000f6500000)
  to   space 43008K, 0% used [0x00000000f1100000,0x00000000f1100000,0x00000000f3b00000)
 ParOldGen       total 281088K, used 30870K [0x00000000a0000000, 0x00000000b1280000, 0x00000000e0000000)
  object space 281088K, 10% used [0x00000000a0000000,0x00000000a1e25b70,0x00000000b1280000)
 Metaspace       used 92010K, capacity 97249K, committed 97496K, reserved 1134592K
  class space    used 11720K, capacity 12699K, committed 12800K, reserved 1048576K
GC Heap History (10 events):
Event: 8502.304 GC heap before
{Heap before GC invocations=24 (full 6):
 PSYoungGen      total 383488K, used 350240K [0x00000000e0000000, 0x00000000fdb00000, 0x0000000100000000)
  eden space 331776K, 100% used [0x00000000e0000000,0x00000000f4400000,0x00000000f4400000)
  from space 51712K, 35% used [0x00000000f4400000,0x00000000f5608010,0x00000000f7680000)
  to   space 48128K, 0% used [0x00000000fac00000,0x00000000fac00000,0x00000000fdb00000)
 ParOldGen       total 281088K, used 30830K [0x00000000a0000000, 0x00000000b1280000, 0x00000000e0000000)
  object space 281088K, 10% used [0x00000000a0000000,0x00000000a1e1bb70,0x00000000b1280000)
 Metaspace       used 89126K, capacity 93095K, committed 93400K, reserved 1130496K
  class space    used 11425K, capacity 12232K, committed 12288K, reserved 1048576K
Event: 8502.336 GC heap after
Heap after GC invocations=24 (full 6):
 PSYoungGen      total 343040K, used 22551K [0x00000000e0000000, 0x00000000fc280000, 0x0000000100000000)
  eden space 320000K, 0% used [0x00000000e0000000,0x00000000e0000000,0x00000000f3880000)
  from space 23040K, 97% used [0x00000000fac00000,0x00000000fc205e10,0x00000000fc280000)
  to   space 46592K, 0% used [0x00000000f6780000,0x00000000f6780000,0x00000000f9500000)
 ParOldGen       total 281088K, used 30838K [0x00000000a0000000, 0x00000000b1280000, 0x00000000e0000000)
  object space 281088K, 10% used [0x00000000a0000000,0x00000000a1e1db70,0x00000000b1280000)
 Metaspace       used 89126K, capacity 93095K, committed 93400K, reserved 1130496K
  class space    used 11425K, capacity 12232K, committed 12288K, reserved 1048576K
}
Event: 8619.956 GC heap before
{Heap before GC invocations=25 (full 6):
 PSYoungGen      total 343040K, used 342551K [0x00000000e0000000, 0x00000000fc280000, 0x0000000100000000)
  eden space 320000K, 100% used [0x00000000e0000000,0x00000000f3880000,0x00000000f3880000)
  from space 23040K, 97% used [0x00000000fac00000,0x00000000fc205e10,0x00000000fc280000)
  to   space 46592K, 0% used [0x00000000f6780000,0x00000000f6780000,0x00000000f9500000)
 ParOldGen       total 281088K, used 30838K [0x00000000a0000000, 0x00000000b1280000, 0x00000000e0000000)
  object space 281088K, 10% used [0x00000000a0000000,0x00000000a1e1db70,0x00000000b1280000)
 Metaspace       used 90524K, capacity 95249K, committed 95448K, reserved 1132544K
  class space    used 11614K, capacity 12515K, committed 12544K, reserved 1048576K
Event: 8620.002 GC heap after
Heap after GC invocations=25 (full 6):
 PSYoungGen      total 336384K, used 27442K [0x00000000e0000000, 0x00000000fac80000, 0x0000000100000000)
  eden space 308736K, 0% used [0x00000000e0000000,0x00000000e0000000,0x00000000f2d80000)
  from space 27648K, 99% used [0x00000000f6780000,0x00000000f824ca30,0x00000000f8280000)
  to   space 43008K, 0% used [0x00000000f8280000,0x00000000f8280000,0x00000000fac80000)
 ParOldGen       total 281088K, used 30846K [0x00000000a0000000, 0x00000000b1280000, 0x00000000e0000000)
  object space 281088K, 10% used [0x00000000a0000000,0x00000000a1e1fb70,0x00000000b1280000)
 Metaspace       used 90524K, capacity 95249K, committed 95448K, reserved 1132544K
  class space    used 11614K, capacity 12515K, committed 12544K, reserved 1048576K
}
Event: 9200.318 GC heap before
{Heap before GC invocations=26 (full 6):
 PSYoungGen      total 336384K, used 336178K [0x00000000e0000000, 0x00000000fac80000, 0x0000000100000000)
  eden space 308736K, 100% used [0x00000000e0000000,0x00000000f2d80000,0x00000000f2d80000)
  from space 27648K, 99% used [0x00000000f6780000,0x00000000f824ca30,0x00000000f8280000)
  to   space 43008K, 0% used [0x00000000f8280000,0x00000000f8280000,0x00000000fac80000)
 ParOldGen       total 281088K, used 30846K [0x00000000a0000000, 0x00000000b1280000, 0x00000000e0000000)
  object space 281088K, 10% used [0x00000000a0000000,0x00000000a1e1fb70,0x00000000b1280000)
 Metaspace       used 90812K, capacity 95597K, committed 95704K, reserved 1132544K
  class space    used 11630K, capacity 12543K, committed 12544K, reserved 1048576K
Event: 9200.368 GC heap after
Heap after GC invocations=26 (full 6):
 PSYoungGen      total 309760K, used 11373K [0x00000000e0000000, 0x00000000f8e00000, 0x0000000100000000)
  eden space 297984K, 0% used [0x00000000e0000000,0x00000000e0000000,0x00000000f2300000)
  from space 11776K, 96% used [0x00000000f8280000,0x00000000f8d9b4a8,0x00000000f8e00000)
  to   space 46080K, 0% used [0x00000000f3400000,0x00000000f3400000,0x00000000f6100000)
 ParOldGen       total 281088K, used 30854K [0x00000000a0000000, 0x00000000b1280000, 0x00000000e0000000)
  object space 281088K, 10% used [0x00000000a0000000,0x00000000a1e21b70,0x00000000b1280000)
 Metaspace       used 90812K, capacity 95597K, committed 95704K, reserved 1132544K
  class space    used 11630K, capacity 12543K, committed 12544K, reserved 1048576K
}
Event: 9346.618 GC heap before
{Heap before GC invocations=27 (full 6):
 PSYoungGen      total 309760K, used 309357K [0x00000000e0000000, 0x00000000f8e00000, 0x0000000100000000)
  eden space 297984K, 100% used [0x00000000e0000000,0x00000000f2300000,0x00000000f2300000)
  from space 11776K, 96% used [0x00000000f8280000,0x00000000f8d9b4a8,0x00000000f8e00000)
  to   space 46080K, 0% used [0x00000000f3400000,0x00000000f3400000,0x00000000f6100000)
 ParOldGen       total 281088K, used 30854K [0x00000000a0000000, 0x00000000b1280000, 0x00000000e0000000)
  object space 281088K, 10% used [0x00000000a0000000,0x00000000a1e21b70,0x00000000b1280000)
 Metaspace       used 91539K, capacity 96709K, committed 96856K, reserved 1134592K
  class space    used 11696K, capacity 12663K, committed 12672K, reserved 1048576K
Event: 9346.819 GC heap after
Heap after GC invocations=27 (full 6):
 PSYoungGen      total 310784K, used 22727K [0x00000000e0000000, 0x00000000f8300000, 0x0000000100000000)
  eden space 287744K, 0% used [0x00000000e0000000,0x00000000e0000000,0x00000000f1900000)
  from space 23040K, 98% used [0x00000000f3400000,0x00000000f4a31ce8,0x00000000f4a80000)
  to   space 44544K, 0% used [0x00000000f5780000,0x00000000f5780000,0x00000000f8300000)
 ParOldGen       total 281088K, used 30862K [0x00000000a0000000, 0x00000000b1280000, 0x00000000e0000000)
  object space 281088K, 10% used [0x00000000a0000000,0x00000000a1e23b70,0x00000000b1280000)
 Metaspace       used 91539K, capacity 96709K, committed 96856K, reserved 1134592K
  class space    used 11696K, capacity 12663K, committed 12672K, reserved 1048576K
}
Event: 10004.449 GC heap before
{Heap before GC invocations=28 (full 6):
 PSYoungGen      total 310784K, used 310471K [0x00000000e0000000, 0x00000000f8300000, 0x0000000100000000)
  eden space 287744K, 100% used [0x00000000e0000000,0x00000000f1900000,0x00000000f1900000)
  from space 23040K, 98% used [0x00000000f3400000,0x00000000f4a31ce8,0x00000000f4a80000)
  to   space 44544K, 0% used [0x00000000f5780000,0x00000000f5780000,0x00000000f8300000)
 ParOldGen       total 281088K, used 30862K [0x00000000a0000000, 0x00000000b1280000, 0x00000000e0000000)
  object space 281088K, 10% used [0x00000000a0000000,0x00000000a1e23b70,0x00000000b1280000)
 Metaspace       used 91714K, capacity 96941K, committed 97240K, reserved 1134592K
  class space    used 11707K, capacity 12681K, committed 12800K, reserved 1048576K
Event: 10004.473 GC heap after
Heap after GC invocations=28 (full 6):
 PSYoungGen      total 291840K, used 13548K [0x00000000e0000000, 0x00000000f6500000, 0x0000000100000000)
  eden space 278016K, 0% used [0x00000000e0000000,0x00000000e0000000,0x00000000f0f80000)
  from space 13824K, 98% used [0x00000000f5780000,0x00000000f64bb3f8,0x00000000f6500000)
  to   space 43008K, 0% used [0x00000000f1100000,0x00000000f1100000,0x00000000f3b00000)
 ParOldGen       total 281088K, used 30870K [0x00000000a0000000, 0x00000000b1280000, 0x00000000e0000000)
  object space 281088K, 10% used [0x00000000a0000000,0x00000000a1e25b70,0x00000000b1280000)
 Metaspace       used 91714K, capacity 96941K, committed 97240K, reserved 1134592K
  class space    used 11707K, capacity 12681K, committed 12800K, reserved 1048576K
}

