# JRE version: OpenJDK Runtime Environment (8.0_152-b02) (build 1.8.0_152-release-1024-b02)
# Java VM: OpenJDK 64-Bit Server VM (25.152-b02 mixed mode windows-amd64 compressed oops)
Heap:
 PSYoungGen      total 275968K, used 179268K [0x00000000e0000000, 0x00000000f8f80000, 0x0000000100000000)
  eden space 251392K, 71% used [0x00000000e0000000,0x00000000eaf11248,0x00000000ef580000)
  from space 24576K, 0% used [0x00000000ef580000,0x00000000ef580000,0x00000000f0d80000)
  to   space 47616K, 0% used [0x00000000f6100000,0x00000000f6100000,0x00000000f8f80000)
 ParOldGen       total 216064K, used 73350K [0x00000000a0000000, 0x00000000ad300000, 0x00000000e0000000)
  object space 216064K, 33% used [0x00000000a0000000,0x00000000a47a1948,0x00000000ad300000)
 Metaspace       used 88000K, capacity 91875K, committed 92120K, reserved 1128448K
  class space    used 11415K, capacity 12182K, committed 12288K, reserved 1048576K
GC Heap History (10 events):
Event: 23.856 GC heap before
{Heap before GC invocations=16 (full 3):
 PSYoungGen      total 213504K, used 198888K [0x00000000e0000000, 0x00000000eed00000, 0x0000000100000000)
  eden space 199680K, 99% used [0x00000000e0000000,0x00000000ec23a3b8,0x00000000ec300000)
  from space 13824K, 0% used [0x00000000ed500000,0x00000000ed500000,0x00000000ee280000)
  to   space 18432K, 0% used [0x00000000ec300000,0x00000000ec300000,0x00000000ed500000)
 ParOldGen       total 116736K, used 41530K [0x00000000a0000000, 0x00000000a7200000, 0x00000000e0000000)
  object space 116736K, 35% used [0x00000000a0000000,0x00000000a288e930,0x00000000a7200000)
 Metaspace       used 65426K, capacity 67689K, committed 68056K, reserved 1107968K
  class space    used 8815K, capacity 9352K, committed 9472K, reserved 1048576K
Event: 23.894 GC heap after
Heap after GC invocations=16 (full 3):
 PSYoungGen      total 218112K, used 18403K [0x00000000e0000000, 0x00000000f2b00000, 0x0000000100000000)
  eden space 199680K, 0% used [0x00000000e0000000,0x00000000e0000000,0x00000000ec300000)
  from space 18432K, 99% used [0x00000000ec300000,0x00000000ed4f8f28,0x00000000ed500000)
  to   space 23552K, 0% used [0x00000000f1400000,0x00000000f1400000,0x00000000f2b00000)
 ParOldGen       total 116736K, used 48135K [0x00000000a0000000, 0x00000000a7200000, 0x00000000e0000000)
  object space 116736K, 41% used [0x00000000a0000000,0x00000000a2f01cf0,0x00000000a7200000)
 Metaspace       used 65426K, capacity 67689K, committed 68056K, reserved 1107968K
  class space    used 8815K, capacity 9352K, committed 9472K, reserved 1048576K
}
Event: 59.092 GC heap before
{Heap before GC invocations=17 (full 3):
 PSYoungGen      total 218112K, used 218083K [0x00000000e0000000, 0x00000000f2b00000, 0x0000000100000000)
  eden space 199680K, 100% used [0x00000000e0000000,0x00000000ec300000,0x00000000ec300000)
  from space 18432K, 99% used [0x00000000ec300000,0x00000000ed4f8f28,0x00000000ed500000)
  to   space 23552K, 0% used [0x00000000f1400000,0x00000000f1400000,0x00000000f2b00000)
 ParOldGen       total 116736K, used 48135K [0x00000000a0000000, 0x00000000a7200000, 0x00000000e0000000)
  object space 116736K, 41% used [0x00000000a0000000,0x00000000a2f01cf0,0x00000000a7200000)
 Metaspace       used 73760K, capacity 76531K, committed 76632K, reserved 1116160K
  class space    used 9745K, capacity 10344K, committed 10368K, reserved 1048576K
Event: 59.128 GC heap after
Heap after GC invocations=17 (full 3):
 PSYoungGen      total 268800K, used 17421K [0x00000000e0000000, 0x00000000f2580000, 0x0000000100000000)
  eden space 250880K, 0% used [0x00000000e0000000,0x00000000e0000000,0x00000000ef500000)
  from space 17920K, 97% used [0x00000000f1400000,0x00000000f2503560,0x00000000f2580000)
  to   space 24576K, 0% used [0x00000000ef580000,0x00000000ef580000,0x00000000f0d80000)
 ParOldGen       total 116736K, used 55185K [0x00000000a0000000, 0x00000000a7200000, 0x00000000e0000000)
  object space 116736K, 47% used [0x00000000a0000000,0x00000000a35e4630,0x00000000a7200000)
 Metaspace       used 73760K, capacity 76531K, committed 76632K, reserved 1116160K
  class space    used 9745K, capacity 10344K, committed 10368K, reserved 1048576K
}
Event: 68.853 GC heap before
{Heap before GC invocations=18 (full 3):
 PSYoungGen      total 268800K, used 268147K [0x00000000e0000000, 0x00000000f2580000, 0x0000000100000000)
  eden space 250880K, 99% used [0x00000000e0000000,0x00000000ef4d9a48,0x00000000ef500000)
  from space 17920K, 97% used [0x00000000f1400000,0x00000000f2503560,0x00000000f2580000)
  to   space 24576K, 0% used [0x00000000ef580000,0x00000000ef580000,0x00000000f0d80000)
 ParOldGen       total 116736K, used 55185K [0x00000000a0000000, 0x00000000a7200000, 0x00000000e0000000)
  object space 116736K, 47% used [0x00000000a0000000,0x00000000a35e4630,0x00000000a7200000)
 Metaspace       used 82443K, capacity 86327K, committed 86488K, reserved 1124352K
  class space    used 10915K, capacity 11692K, committed 11776K, reserved 1048576K
Event: 68.989 GC heap after
Heap after GC invocations=18 (full 3):
 PSYoungGen      total 275968K, used 24558K [0x00000000e0000000, 0x00000000f8f80000, 0x0000000100000000)
  eden space 251392K, 0% used [0x00000000e0000000,0x00000000e0000000,0x00000000ef580000)
  from space 24576K, 99% used [0x00000000ef580000,0x00000000f0d7bb90,0x00000000f0d80000)
  to   space 47616K, 0% used [0x00000000f6100000,0x00000000f6100000,0x00000000f8f80000)
 ParOldGen       total 116736K, used 107141K [0x00000000a0000000, 0x00000000a7200000, 0x00000000e0000000)
  object space 116736K, 91% used [0x00000000a0000000,0x00000000a68a1748,0x00000000a7200000)
 Metaspace       used 82443K, capacity 86327K, committed 86488K, reserved 1124352K
  class space    used 10915K, capacity 11692K, committed 11776K, reserved 1048576K
}
Event: 68.989 GC heap before
{Heap before GC invocations=19 (full 4):
 PSYoungGen      total 275968K, used 24558K [0x00000000e0000000, 0x00000000f8f80000, 0x0000000100000000)
  eden space 251392K, 0% used [0x00000000e0000000,0x00000000e0000000,0x00000000ef580000)
  from space 24576K, 99% used [0x00000000ef580000,0x00000000f0d7bb90,0x00000000f0d80000)
  to   space 47616K, 0% used [0x00000000f6100000,0x00000000f6100000,0x00000000f8f80000)
 ParOldGen       total 116736K, used 107141K [0x00000000a0000000, 0x00000000a7200000, 0x00000000e0000000)
  object space 116736K, 91% used [0x00000000a0000000,0x00000000a68a1748,0x00000000a7200000)
 Metaspace       used 82443K, capacity 86327K, committed 86488K, reserved 1124352K
  class space    used 10915K, capacity 11692K, committed 11776K, reserved 1048576K
Event: 69.812 GC heap after
Heap after GC invocations=19 (full 4):
 PSYoungGen      total 275968K, used 3051K [0x00000000e0000000, 0x00000000f8f80000, 0x0000000100000000)
  eden space 251392K, 0% used [0x00000000e0000000,0x00000000e0000000,0x00000000ef580000)
  from space 24576K, 12% used [0x00000000ef580000,0x00000000ef87ae60,0x00000000f0d80000)
  to   space 47616K, 0% used [0x00000000f6100000,0x00000000f6100000,0x00000000f8f80000)
 ParOldGen       total 116736K, used 116721K [0x00000000a0000000, 0x00000000a7200000, 0x00000000e0000000)
  object space 116736K, 99% used [0x00000000a0000000,0x00000000a71fc6a8,0x00000000a7200000)
 Metaspace       used 82138K, capacity 85461K, committed 86488K, reserved 1124352K
  class space    used 10810K, capacity 11509K, committed 11776K, reserved 1048576K
}
Event: 72.837 GC heap before
{Heap before GC invocations=20 (full 5):
 PSYoungGen      total 275968K, used 254443K [0x00000000e0000000, 0x00000000f8f80000, 0x0000000100000000)
  eden space 251392K, 100% used [0x00000000e0000000,0x00000000ef580000,0x00000000ef580000)
  from space 24576K, 12% used [0x00000000ef580000,0x00000000ef87ae60,0x00000000f0d80000)
  to   space 47616K, 0% used [0x00000000f6100000,0x00000000f6100000,0x00000000f8f80000)
 ParOldGen       total 116736K, used 116721K [0x00000000a0000000, 0x00000000a7200000, 0x00000000e0000000)
  object space 116736K, 99% used [0x00000000a0000000,0x00000000a71fc6a8,0x00000000a7200000)
 Metaspace       used 84025K, capacity 87549K, committed 88152K, reserved 1126400K
  class space    used 11029K, capacity 11765K, committed 11904K, reserved 1048576K
Event: 73.015 GC heap after
Heap after GC invocations=20 (full 5):
 PSYoungGen      total 275968K, used 0K [0x00000000e0000000, 0x00000000f8f80000, 0x0000000100000000)
  eden space 251392K, 0% used [0x00000000e0000000,0x00000000e0000000,0x00000000ef580000)
  from space 24576K, 0% used [0x00000000ef580000,0x00000000ef580000,0x00000000f0d80000)
  to   space 47616K, 0% used [0x00000000f6100000,0x00000000f6100000,0x00000000f8f80000)
 ParOldGen       total 216064K, used 73350K [0x00000000a0000000, 0x00000000ad300000, 0x00000000e0000000)
  object space 216064K, 33% used [0x00000000a0000000,0x00000000a47a1948,0x00000000ad300000)
 Metaspace       used 84025K, capacity 87549K, committed 88152K, reserved 1126400K
  class space    used 11029K, capacity 11765K, committed 11904K, reserved 1048576K
}

